Arguments: 
  C:\Program Files\nodejs\node.exe C:\Users\LyOne.jsx\AppData\Roaming\npm\node_modules\yarn\bin\yarn.js init

PATH: 
  C:\Users\LyOne.jsx\bin;C:\Program Files\Git\mingw64\bin;C:\Program Files\Git\usr\local\bin;C:\Program Files\Git\usr\bin;C:\Program Files\Git\usr\bin;C:\Program Files\Git\mingw64\bin;C:\Program Files\Git\usr\bin;C:\Users\LyOne.jsx\bin;C:\Windows\system32;C:\Windows;C:\Windows\System32\Wbem;C:\Windows\System32\WindowsPowerShell\v1.0;C:\Windows\System32\OpenSSH;C:\Program Files\nodejs;C:\Program Files\Git\cmd;C:\Program Files\erl-24.3.4.2\bin;C:\Users\LyOne.jsx\AppData\Local\Microsoft\WindowsApps;C:\Users\LyOne.jsx\AppData\Roaming\npm;C:\Users\LyOne.jsx\AppData\Local\Programs\Microsoft VS Code Insiders\bin;C:\Program Files\Git\usr\bin\vendor_perl;C:\Program Files\Git\usr\bin\core_perl

Yarn version: 
  1.22.19

Node version: 
  16.16.0

Platform: 
  win32 x64

Trace: 
  Error: canceled
      at Interface.<anonymous> (C:\Users\LyOne.jsx\AppData\Roaming\npm\node_modules\yarn\lib\cli.js:137150:13)
      at Interface.emit (node:events:527:28)
      at Interface._ttyWrite (node:readline:1081:16)
      at ReadStream.onkeypress (node:readline:288:10)
      at ReadStream.emit (node:events:527:28)
      at emitKeys (node:internal/readline/utils:358:14)
      at emitKeys.next (<anonymous>)
      at ReadStream.onData (node:internal/readline/emitKeypressEvents:61:36)
      at ReadStream.emit (node:events:527:28)
      at addChunk (node:internal/streams/readable:315:12)

npm manifest: 
  {
    "name": "alura-tracker",
    "version": "0.1.0",
    "private": true,
    "scripts": {
      "serve": "vue-cli-service serve",
      "build": "vue-cli-service build",
      "lint": "vue-cli-service lint"
    },
    "dependencies": {
      "core-js": "^3.6.5",
      "vue": "^3.0.0"
    },
    "devDependencies": {
      "@fortawesome/fontawesome-free": "^5.15.4",
      "@typescript-eslint/eslint-plugin": "^4.18.0",
      "@typescript-eslint/parser": "^4.18.0",
      "@vue/cli-plugin-babel": "~4.5.0",
      "@vue/cli-plugin-eslint": "~4.5.0",
      "@vue/cli-plugin-typescript": "~4.5.0",
      "@vue/cli-service": "~4.5.0",
      "@vue/compiler-sfc": "^3.0.0",
      "@vue/eslint-config-typescript": "^7.0.0",
      "eslint": "^6.7.2",
      "eslint-plugin-vue": "^7.0.0",
      "typescript": "~4.1.5"
    }
  }

yarn manifest: 
  No manifest

Lockfile: 
  No lockfile
